<?xml version="1.0" encoding="UTF-8"?>
<!-- Generated by org.testng.reporters.JUnitReportReporter -->
<testsuite hostname="NGBLR-00768" name="maventest.test" tests="1" failures="0" timestamp="27 Jan 2019 11:14:20 GMT" time="0.005" errors="0">
  <testcase name="m1" time="0.005" classname="maventest.test"/>
</testsuite> <!-- maventest.test -->
